<?xml version="1.0" encoding="UTF-8"?>
<!-- Generated by org.testng.reporters.JUnitReportReporter -->
<testsuite hostname="DESKTOP-4D39BLT" failures="0" tests="1" name="com.selemium.test.LoginLogout" time="17.028" errors="0" timestamp="2021-12-31T00:11:21 IST" skipped="0">
  <testcase classname="com.selemium.test.LoginLogout" name="LoginLogoutTest" time="17.028"/>
  <system-out/>
</testsuite> <!-- com.selemium.test.LoginLogout -->
